<?xml version="1.0" encoding="UTF-8"?>
<testsuite name="edu.uoc.uocoban.controller.GameTest" tests="1" skipped="0" failures="0" errors="0" timestamp="2023-05-10T07:28:41" hostname="DESKTOP-R3THNTI" time="0.046">
  <properties/>
  <testcase name="testDecLives()" classname="edu.uoc.uocoban.controller.GameTest" time="0.046"/>
  <system-out><![CDATA[]]></system-out>
  <system-err><![CDATA[]]></system-err>
</testsuite>
