<?xml version="1.0" encoding="UTF-8"?>
<testsuite name="edu.uoc.uocoban.model.entities.movable.PlayerTest" tests="3" skipped="0" failures="0" errors="0" timestamp="2023-05-10T07:28:41" hostname="DESKTOP-R3THNTI" time="0.007">
  <properties/>
  <testcase name="testInitPlayer()" classname="edu.uoc.uocoban.model.entities.movable.PlayerTest" time="0.001"/>
  <testcase name="testIsPathable()" classname="edu.uoc.uocoban.model.entities.movable.PlayerTest" time="0.001"/>
  <testcase name="testSetPosition()" classname="edu.uoc.uocoban.model.entities.movable.PlayerTest" time="0.003"/>
  <system-out><![CDATA[]]></system-out>
  <system-err><![CDATA[]]></system-err>
</testsuite>
