<?xml version="1.0" encoding="UTF-8"?>
<testsuite name="edu.uoc.uocoban.model.entities.movable.BoxTest" tests="2" skipped="0" failures="0" errors="0" timestamp="2023-05-10T07:28:41" hostname="DESKTOP-R3THNTI" time="0.006">
  <properties/>
  <testcase name="testIsPathable()" classname="edu.uoc.uocoban.model.entities.movable.BoxTest" time="0.002"/>
  <testcase name="testInitBox()" classname="edu.uoc.uocoban.model.entities.movable.BoxTest" time="0.002"/>
  <system-out><![CDATA[]]></system-out>
  <system-err><![CDATA[]]></system-err>
</testsuite>
