<?xml version="1.0" encoding="UTF-8"?>
<testsuite name="edu.uoc.uocoban.model.entities.pathable.SmallBoxDestinationTest" tests="2" skipped="0" failures="0" errors="0" timestamp="2023-05-10T07:28:41" hostname="DESKTOP-R3THNTI" time="0.002">
  <properties/>
  <testcase name="testSmallBoxDestinationConstructor()" classname="edu.uoc.uocoban.model.entities.pathable.SmallBoxDestinationTest" time="0.001"/>
  <testcase name="testSetPosition()" classname="edu.uoc.uocoban.model.entities.pathable.SmallBoxDestinationTest" time="0.0"/>
  <system-out><![CDATA[]]></system-out>
  <system-err><![CDATA[]]></system-err>
</testsuite>
