<?xml version="1.0" encoding="UTF-8"?>
<testsuite name="edu.uoc.uocoban.model.entities.movable.BoxTest" tests="3" skipped="0" failures="0" errors="0" timestamp="2023-05-10T07:28:33" hostname="DESKTOP-R3THNTI" time="0.019">
  <properties/>
  <testcase name="Sanity Box - Class definition" classname="edu.uoc.uocoban.model.entities.movable.BoxTest" time="0.004"/>
  <testcase name="Sanity Box - Methods definition" classname="edu.uoc.uocoban.model.entities.movable.BoxTest" time="0.006"/>
  <testcase name="Sanity Box - Fields definition" classname="edu.uoc.uocoban.model.entities.movable.BoxTest" time="0.005"/>
  <system-out><![CDATA[]]></system-out>
  <system-err><![CDATA[]]></system-err>
</testsuite>
