<?xml version="1.0" encoding="UTF-8"?>
<testsuite name="edu.uoc.uocoban.model.entities.movable.MovableEntityTest" tests="3" skipped="0" failures="0" errors="0" timestamp="2023-05-10T07:28:33" hostname="DESKTOP-R3THNTI" time="0.008">
  <properties/>
  <testcase name="Sanity MovableEntity - Class definition" classname="edu.uoc.uocoban.model.entities.movable.MovableEntityTest" time="0.001"/>
  <testcase name="Sanity Level - Methods definition" classname="edu.uoc.uocoban.model.entities.movable.MovableEntityTest" time="0.002"/>
  <testcase name="Sanity Level - Fields definition" classname="edu.uoc.uocoban.model.entities.movable.MovableEntityTest" time="0.002"/>
  <system-out><![CDATA[]]></system-out>
  <system-err><![CDATA[]]></system-err>
</testsuite>
