<?xml version="1.0" encoding="UTF-8"?>
<testsuite name="edu.uoc.uocoban.model.utils.DirectionTest" tests="3" skipped="0" failures="0" errors="0" timestamp="2023-05-10T07:28:33" hostname="DESKTOP-R3THNTI" time="0.01">
  <properties/>
  <testcase name="Sanity Direction - Methods definition" classname="edu.uoc.uocoban.model.utils.DirectionTest" time="0.005"/>
  <testcase name="Sanity Direction - Enum definition" classname="edu.uoc.uocoban.model.utils.DirectionTest" time="0.001"/>
  <testcase name="Sanity Direction - Fields definition" classname="edu.uoc.uocoban.model.utils.DirectionTest" time="0.002"/>
  <system-out><![CDATA[]]></system-out>
  <system-err><![CDATA[]]></system-err>
</testsuite>
