<?xml version="1.0" encoding="UTF-8"?>
<testsuite name="edu.uoc.uocoban.model.entities.pathable.SmallBoxDestinationTest" tests="3" skipped="0" failures="0" errors="0" timestamp="2023-05-10T07:28:33" hostname="DESKTOP-R3THNTI" time="0.007">
  <properties/>
  <testcase name="Sanity SmallBoxDestination - Class definition" classname="edu.uoc.uocoban.model.entities.pathable.SmallBoxDestinationTest" time="0.001"/>
  <testcase name="Sanity SmallBoxDestination - Methods definition" classname="edu.uoc.uocoban.model.entities.pathable.SmallBoxDestinationTest" time="0.003"/>
  <testcase name="Sanity SmallBoxDestination - Fields definition" classname="edu.uoc.uocoban.model.entities.pathable.SmallBoxDestinationTest" time="0.001"/>
  <system-out><![CDATA[]]></system-out>
  <system-err><![CDATA[]]></system-err>
</testsuite>
