<?xml version="1.0" encoding="UTF-8"?>
<testsuite name="edu.uoc.uocoban.model.entities.movable.BigBoxTest" tests="3" skipped="0" failures="0" errors="0" timestamp="2023-05-10T07:28:33" hostname="DESKTOP-R3THNTI" time="0.015">
  <properties/>
  <testcase name="Sanity BigBox - Class definition" classname="edu.uoc.uocoban.model.entities.movable.BigBoxTest" time="0.004"/>
  <testcase name="Sanity BigBox - Methods definition" classname="edu.uoc.uocoban.model.entities.movable.BigBoxTest" time="0.005"/>
  <testcase name="Sanity BigBox - Fields definition" classname="edu.uoc.uocoban.model.entities.movable.BigBoxTest" time="0.003"/>
  <system-out><![CDATA[]]></system-out>
  <system-err><![CDATA[]]></system-err>
</testsuite>
