<?xml version="1.0" encoding="UTF-8"?>
<testsuite name="edu.uoc.uocoban.controller.GameTest" tests="10" skipped="0" failures="0" errors="0" timestamp="2023-05-10T07:54:51" hostname="DESKTOP-R3THNTI" time="0.148">
  <properties/>
  <testcase name="Sanity Game - Class definition" classname="edu.uoc.uocoban.controller.GameTest" time="0.068"/>
  <testcase name="testIsLevelDeadlocked()" classname="edu.uoc.uocoban.controller.GameTest" time="0.033"/>
  <testcase name="Sanity Game - Methods definition" classname="edu.uoc.uocoban.controller.GameTest" time="0.005"/>
  <testcase name="testHasLostGame()" classname="edu.uoc.uocoban.controller.GameTest" time="0.004"/>
  <testcase name="testHasLostLevel()" classname="edu.uoc.uocoban.controller.GameTest" time="0.005"/>
  <testcase name="testIsLevelCompleted()" classname="edu.uoc.uocoban.controller.GameTest" time="0.004"/>
  <testcase name="testDecLives()" classname="edu.uoc.uocoban.controller.GameTest" time="0.003"/>
  <testcase name="Sanity Game - Fields definition" classname="edu.uoc.uocoban.controller.GameTest" time="0.002"/>
  <testcase name="testNextLevel()" classname="edu.uoc.uocoban.controller.GameTest" time="0.006"/>
  <testcase name="testIsFinished()" classname="edu.uoc.uocoban.controller.GameTest" time="0.005"/>
  <system-out><![CDATA[]]></system-out>
  <system-err><![CDATA[]]></system-err>
</testsuite>
