<?xml version="1.0" encoding="UTF-8"?>
<testsuite name="edu.uoc.uocoban.model.entities.movable.BoxTest" tests="6" skipped="0" failures="0" errors="0" timestamp="2023-05-10T07:28:45" hostname="DESKTOP-R3THNTI" time="0.029">
  <properties/>
  <testcase name="testDeliverBigBoxInSmallBoxDestination()" classname="edu.uoc.uocoban.model.entities.movable.BoxTest" time="0.005"/>
  <testcase name="testDeliverSmallBox()" classname="edu.uoc.uocoban.model.entities.movable.BoxTest" time="0.004"/>
  <testcase name="testDeliverBigBox()" classname="edu.uoc.uocoban.model.entities.movable.BoxTest" time="0.002"/>
  <testcase name="testBlockingBoxes()" classname="edu.uoc.uocoban.model.entities.movable.BoxTest" time="0.004"/>
  <testcase name="testDeliverSmallBoxInBigBoxDestination()" classname="edu.uoc.uocoban.model.entities.movable.BoxTest" time="0.004"/>
  <testcase name="testMoveBox()" classname="edu.uoc.uocoban.model.entities.movable.BoxTest" time="0.003"/>
  <system-out><![CDATA[]]></system-out>
  <system-err><![CDATA[]]></system-err>
</testsuite>
