<?xml version="1.0" encoding="UTF-8"?>
<testsuite name="edu.uoc.uocoban.controller.GameTest" tests="6" skipped="0" failures="0" errors="0" timestamp="2023-05-10T07:28:45" hostname="DESKTOP-R3THNTI" time="0.106">
  <properties/>
  <testcase name="testIsLevelDeadlocked()" classname="edu.uoc.uocoban.controller.GameTest" time="0.056"/>
  <testcase name="testHasLostGame()" classname="edu.uoc.uocoban.controller.GameTest" time="0.002"/>
  <testcase name="testHasLostLevel()" classname="edu.uoc.uocoban.controller.GameTest" time="0.002"/>
  <testcase name="testIsLevelCompleted()" classname="edu.uoc.uocoban.controller.GameTest" time="0.002"/>
  <testcase name="testNextLevel()" classname="edu.uoc.uocoban.controller.GameTest" time="0.032"/>
  <testcase name="testIsFinished()" classname="edu.uoc.uocoban.controller.GameTest" time="0.005"/>
  <system-out><![CDATA[]]></system-out>
  <system-err><![CDATA[]]></system-err>
</testsuite>
