<?xml version="1.0" encoding="UTF-8"?>
<testsuite name="edu.uoc.uocoban.model.LevelTest" tests="2" skipped="0" failures="0" errors="0" timestamp="2023-05-10T07:28:45" hostname="DESKTOP-R3THNTI" time="0.006">
  <properties/>
  <testcase name="testDecRemainingMovements()" classname="edu.uoc.uocoban.model.LevelTest" time="0.002"/>
  <testcase name="testHasWon()" classname="edu.uoc.uocoban.model.LevelTest" time="0.003"/>
  <system-out><![CDATA[]]></system-out>
  <system-err><![CDATA[]]></system-err>
</testsuite>
