<?xml version="1.0" encoding="UTF-8"?>
<testsuite name="edu.uoc.uocoban.model.entities.pathable.BigBoxDestinationTest" tests="1" skipped="0" failures="0" errors="0" timestamp="2023-05-10T07:28:46" hostname="DESKTOP-R3THNTI" time="0.002">
  <properties/>
  <testcase name="testSetBox()" classname="edu.uoc.uocoban.model.entities.pathable.BigBoxDestinationTest" time="0.002"/>
  <system-out><![CDATA[]]></system-out>
  <system-err><![CDATA[]]></system-err>
</testsuite>
