<?xml version="1.0" encoding="UTF-8"?>
<testsuite name="edu.uoc.uocoban.model.entities.movable.PlayerTest" tests="4" skipped="0" failures="0" errors="0" timestamp="2023-05-10T07:28:46" hostname="DESKTOP-R3THNTI" time="0.013">
  <properties/>
  <testcase name="testMovePlayer1()" classname="edu.uoc.uocoban.model.entities.movable.PlayerTest" time="0.002"/>
  <testcase name="testMovePlayer2()" classname="edu.uoc.uocoban.model.entities.movable.PlayerTest" time="0.002"/>
  <testcase name="testMovePlayer3()" classname="edu.uoc.uocoban.model.entities.movable.PlayerTest" time="0.003"/>
  <testcase name="testMovePlayer4()" classname="edu.uoc.uocoban.model.entities.movable.PlayerTest" time="0.003"/>
  <system-out><![CDATA[]]></system-out>
  <system-err><![CDATA[]]></system-err>
</testsuite>
